2020-04-27 17:09:44,027 [FormStudio] INFO  UiInfo AILinkFactoryAuto.View.FormStudio FormStudio_Shown 314 - 
           _____ _      _       _    ______         _                                 _        _____ _             _ _       
     /\   |_   _| |    (_)     | |  |  ____|       | |                     /\        | |      / ____| |           | (_)      
    /  \    | | | |     _ _ __ | | _| |__ __ _  ___| |_ ___  _ __ _   _   /  \  _   _| |_ ___| (___ | |_ _   _  __| |_  ___  
   / /\ \   | | | |    | | '_ \| |/ /  __/ _` |/ __| __/ _ \| '__| | | | / /\ \| | | | __/ _ \\___ \| __| | | |/ _` | |/ _ \ 
  / ____ \ _| |_| |____| | | | |   <| | | (_| | (__| || (_) | |  | |_| |/ ____ \ |_| | || (_) |___) | |_| |_| | (_| | | (_) |
 /_/    \_\_____|______|_|_| |_|_|\_\_|  \__,_|\___|\__\___/|_|   \__, /_/    \_\__,_|\__\___/_____/ \__|\__,_|\__,_|_|\___/ 
                                                                   __/ |                                                     
                                                                  |___/                                                      

2020-04-27 17:09:44,100 [FormStudio] INFO  UiInfo AILinkFactoryAuto.View.FormStudio FormStudio_Shown 318 - AILinkFactoryAutoStudio Version 2.02
2020-04-27 17:09:44,106 [FormStudio] INFO  UiInfo AILinkFactoryAuto.View.FormStudio FormStudio_Shown 319 - Version 2.02
2020-04-27 17:09:44,113 [FormStudio] INFO  UiInfo AILinkFactoryAuto.View.FormMain FormMain_Shown 134 - DUT1
2020-04-27 17:09:44,117 [FormStudio] INFO  UiInfo AILinkFactoryAuto.View.FormMain FormMain_Shown 136 - 加载测试序列=[E:\2_工作和软件\1_工作存档\01长虹爱联\AI-WB15智能手环\public\AILinkFactoryAuto_SmartBraceletV1.0.6\projects\smartTest\DUT1_SmartBracelet.jts]
2020-04-27 17:09:44,533 [FormStudio] INFO  UiInfo AILinkFactoryAuto.View.FormMain LoadJts 154 - 加载测试序列成功
2020-04-27 17:09:44,554 [FormStudio] INFO  UiInfo AILinkFactoryAuto.View.FormMain FormMain_Shown 139 - FormMain................Success!
2020-04-27 17:09:44,559 [FormStudio] INFO  UiInfo AILinkFactoryAuto.View.FormMain FormMain_Shown 134 - DUT2
2020-04-27 17:09:44,563 [FormStudio] INFO  UiInfo AILinkFactoryAuto.View.FormMain FormMain_Shown 136 - 加载测试序列=[E:\2_工作和软件\1_工作存档\01长虹爱联\AI-WB15智能手环\public\AILinkFactoryAuto_SmartBraceletV1.0.6\projects\smartTest\DUT2_SmartBracelet.jts]
2020-04-27 17:09:44,571 [FormStudio] INFO  UiInfo AILinkFactoryAuto.View.FormMain LoadJts 154 - 加载测试序列成功
2020-04-27 17:09:44,575 [FormStudio] INFO  UiInfo AILinkFactoryAuto.View.FormMain FormMain_Shown 139 - FormMain................Success!
2020-04-27 17:10:25,366 [FormStudio] INFO  UiInfo AILinkFactoryAuto.View.FormStudio FormStudio_Shown 314 - 
           _____ _      _       _    ______         _                                 _        _____ _             _ _       
     /\   |_   _| |    (_)     | |  |  ____|       | |                     /\        | |      / ____| |           | (_)      
    /  \    | | | |     _ _ __ | | _| |__ __ _  ___| |_ ___  _ __ _   _   /  \  _   _| |_ ___| (___ | |_ _   _  __| |_  ___  
   / /\ \   | | | |    | | '_ \| |/ /  __/ _` |/ __| __/ _ \| '__| | | | / /\ \| | | | __/ _ \\___ \| __| | | |/ _` | |/ _ \ 
  / ____ \ _| |_| |____| | | | |   <| | | (_| | (__| || (_) | |  | |_| |/ ____ \ |_| | || (_) |___) | |_| |_| | (_| | | (_) |
 /_/    \_\_____|______|_|_| |_|_|\_\_|  \__,_|\___|\__\___/|_|   \__, /_/    \_\__,_|\__\___/_____/ \__|\__,_|\__,_|_|\___/ 
                                                                   __/ |                                                     
                                                                  |___/                                                      

2020-04-27 17:10:25,443 [FormStudio] INFO  UiInfo AILinkFactoryAuto.View.FormStudio FormStudio_Shown 318 - AILinkFactoryAutoStudio Version 2.02
2020-04-27 17:10:25,450 [FormStudio] INFO  UiInfo AILinkFactoryAuto.View.FormStudio FormStudio_Shown 319 - Version 2.02
2020-04-27 17:10:25,459 [FormStudio] INFO  UiInfo AILinkFactoryAuto.View.FormMain FormMain_Shown 134 - DUT1
2020-04-27 17:10:25,465 [FormStudio] INFO  UiInfo AILinkFactoryAuto.View.FormMain FormMain_Shown 136 - 加载测试序列=[E:\2_工作和软件\1_工作存档\01长虹爱联\AI-WB15智能手环\public\AILinkFactoryAuto_SmartBraceletV1.0.6\projects\smartTest\DUT1_SmartBracelet.jts]
2020-04-27 17:10:25,888 [FormStudio] INFO  UiInfo AILinkFactoryAuto.View.FormMain LoadJts 154 - 加载测试序列成功
2020-04-27 17:10:25,914 [FormStudio] INFO  UiInfo AILinkFactoryAuto.View.FormMain FormMain_Shown 139 - FormMain................Success!
2020-04-27 17:10:25,919 [FormStudio] INFO  UiInfo AILinkFactoryAuto.View.FormMain FormMain_Shown 134 - DUT2
2020-04-27 17:10:25,923 [FormStudio] INFO  UiInfo AILinkFactoryAuto.View.FormMain FormMain_Shown 136 - 加载测试序列=[E:\2_工作和软件\1_工作存档\01长虹爱联\AI-WB15智能手环\public\AILinkFactoryAuto_SmartBraceletV1.0.6\projects\smartTest\DUT2_SmartBracelet.jts]
2020-04-27 17:10:25,928 [FormStudio] INFO  UiInfo AILinkFactoryAuto.View.FormMain LoadJts 154 - 加载测试序列成功
2020-04-27 17:10:25,933 [FormStudio] INFO  UiInfo AILinkFactoryAuto.View.FormMain FormMain_Shown 139 - FormMain................Success!
2020-04-27 17:35:30,190 [FormStudio] INFO  UiInfo AILinkFactoryAuto.View.FormStudio FormStudio_Shown 0 - 
           _____ _      _       _    ______         _                                 _        _____ _             _ _       
     /\   |_   _| |    (_)     | |  |  ____|       | |                     /\        | |      / ____| |           | (_)      
    /  \    | | | |     _ _ __ | | _| |__ __ _  ___| |_ ___  _ __ _   _   /  \  _   _| |_ ___| (___ | |_ _   _  __| |_  ___  
   / /\ \   | | | |    | | '_ \| |/ /  __/ _` |/ __| __/ _ \| '__| | | | / /\ \| | | | __/ _ \\___ \| __| | | |/ _` | |/ _ \ 
  / ____ \ _| |_| |____| | | | |   <| | | (_| | (__| || (_) | |  | |_| |/ ____ \ |_| | || (_) |___) | |_| |_| | (_| | | (_) |
 /_/    \_\_____|______|_|_| |_|_|\_\_|  \__,_|\___|\__\___/|_|   \__, /_/    \_\__,_|\__\___/_____/ \__|\__,_|\__,_|_|\___/ 
                                                                   __/ |                                                     
                                                                  |___/                                                      

2020-04-27 17:35:30,263 [FormStudio] INFO  UiInfo AILinkFactoryAuto.View.FormStudio FormStudio_Shown 0 - AILinkFactoryAutoStudio Version 2.02
2020-04-27 17:35:30,270 [FormStudio] INFO  UiInfo AILinkFactoryAuto.View.FormStudio FormStudio_Shown 0 - Version 2.02
2020-04-27 17:35:30,278 [FormStudio] INFO  UiInfo AILinkFactoryAuto.View.FormMain FormMain_Shown 0 - DUT1
2020-04-27 17:35:30,282 [FormStudio] INFO  UiInfo AILinkFactoryAuto.View.FormMain FormMain_Shown 0 - 加载测试序列=[E:\2_工作和软件\1_工作存档\01长虹爱联\AI-WB15智能手环\public\AILinkFactoryAuto_SmartBraceletV1.0.6\projects\smartTest\DUT1_SmartBracelet.jts]
2020-04-27 17:35:30,691 [FormStudio] INFO  UiInfo AILinkFactoryAuto.View.FormMain LoadJts 0 - 加载测试序列成功
2020-04-27 17:35:30,710 [FormStudio] INFO  UiInfo AILinkFactoryAuto.View.FormMain FormMain_Shown 0 - FormMain................Success!
2020-04-27 17:35:30,715 [FormStudio] INFO  UiInfo AILinkFactoryAuto.View.FormMain FormMain_Shown 0 - DUT2
2020-04-27 17:35:30,718 [FormStudio] INFO  UiInfo AILinkFactoryAuto.View.FormMain FormMain_Shown 0 - 加载测试序列=[E:\2_工作和软件\1_工作存档\01长虹爱联\AI-WB15智能手环\public\AILinkFactoryAuto_SmartBraceletV1.0.6\projects\smartTest\DUT2_SmartBracelet.jts]
2020-04-27 17:35:30,724 [FormStudio] INFO  UiInfo AILinkFactoryAuto.View.FormMain LoadJts 0 - 加载测试序列成功
2020-04-27 17:35:30,731 [FormStudio] INFO  UiInfo AILinkFactoryAuto.View.FormMain FormMain_Shown 0 - FormMain................Success!
2020-04-27 17:35:35,721 [FormStudio] INFO  UiInfo AILinkFactoryAuto.View.FormMain LoadJts 0 - 加载测试序列成功
2020-04-27 17:35:59,471 [FormStudio] INFO  UiInfo AILinkFactoryAuto.View.FormMain LoadJts 0 - 加载测试序列成功
2020-04-27 17:36:27,840 [FormStudio] INFO  UiInfo AILinkFactoryAuto.View.FormStudio TsmDeleteLayout_Click 0 - delete layout ./projects/layout.xml success
2020-04-27 17:46:04,967 [FormStudio] INFO  UiInfo AILinkFactoryAuto.View.FormStudio FormStudio_Shown 0 - 
           _____ _      _       _    ______         _                                 _        _____ _             _ _       
     /\   |_   _| |    (_)     | |  |  ____|       | |                     /\        | |      / ____| |           | (_)      
    /  \    | | | |     _ _ __ | | _| |__ __ _  ___| |_ ___  _ __ _   _   /  \  _   _| |_ ___| (___ | |_ _   _  __| |_  ___  
   / /\ \   | | | |    | | '_ \| |/ /  __/ _` |/ __| __/ _ \| '__| | | | / /\ \| | | | __/ _ \\___ \| __| | | |/ _` | |/ _ \ 
  / ____ \ _| |_| |____| | | | |   <| | | (_| | (__| || (_) | |  | |_| |/ ____ \ |_| | || (_) |___) | |_| |_| | (_| | | (_) |
 /_/    \_\_____|______|_|_| |_|_|\_\_|  \__,_|\___|\__\___/|_|   \__, /_/    \_\__,_|\__\___/_____/ \__|\__,_|\__,_|_|\___/ 
                                                                   __/ |                                                     
                                                                  |___/                                                      

2020-04-27 17:46:05,037 [FormStudio] INFO  UiInfo AILinkFactoryAuto.View.FormStudio FormStudio_Shown 0 - AILinkFactoryAutoStudio Version 2.02
2020-04-27 17:46:05,042 [FormStudio] INFO  UiInfo AILinkFactoryAuto.View.FormStudio FormStudio_Shown 0 - Version 2.02
2020-04-27 17:46:05,048 [FormStudio] INFO  UiInfo AILinkFactoryAuto.View.FormLog FormLog_Shown 0 - FormLog................Success!
2020-04-27 17:46:05,056 [FormStudio] INFO  UiInfo AILinkFactoryAuto.View.FormMain FormMain_Shown 0 - DUT1
2020-04-27 17:46:05,061 [FormStudio] INFO  UiInfo AILinkFactoryAuto.View.FormMain FormMain_Shown 0 - 加载测试序列=[E:\2_工作和软件\1_工作存档\01长虹爱联\美的Hi3861项目\Code\SmartBraceletCheck\SmartBraceletCheckJts\bin\x86\Debug\projects\smartTest\DUT1_SmartBracelet.jts]
2020-04-27 17:46:05,454 [FormStudio] INFO  UiInfo AILinkFactoryAuto.View.FormMain LoadJts 0 - 加载测试序列成功
2020-04-27 17:46:05,478 [FormStudio] INFO  UiInfo AILinkFactoryAuto.View.FormMain FormMain_Shown 0 - FormMain................Success!
2020-04-27 17:46:05,482 [FormStudio] INFO  UiInfo AILinkFactoryAuto.View.FormMain FormMain_Shown 0 - DUT2
2020-04-27 17:46:05,486 [FormStudio] INFO  UiInfo AILinkFactoryAuto.View.FormMain FormMain_Shown 0 - 加载测试序列=[E:\2_工作和软件\1_工作存档\01长虹爱联\美的Hi3861项目\Code\SmartBraceletCheck\SmartBraceletCheckJts\bin\x86\Debug\projects\smartTest\DUT2_SmartBracelet.jts]
2020-04-27 17:46:05,492 [FormStudio] INFO  UiInfo AILinkFactoryAuto.View.FormMain LoadJts 0 - 加载测试序列成功
2020-04-27 17:46:05,498 [FormStudio] INFO  UiInfo AILinkFactoryAuto.View.FormMain FormMain_Shown 0 - FormMain................Success!
2020-04-27 17:47:52,406 [FormStudio] INFO  UiInfo AILinkFactoryAuto.View.FormStudio FormStudio_Shown 0 - 
           _____ _      _       _    ______         _                                 _        _____ _             _ _       
     /\   |_   _| |    (_)     | |  |  ____|       | |                     /\        | |      / ____| |           | (_)      
    /  \    | | | |     _ _ __ | | _| |__ __ _  ___| |_ ___  _ __ _   _   /  \  _   _| |_ ___| (___ | |_ _   _  __| |_  ___  
   / /\ \   | | | |    | | '_ \| |/ /  __/ _` |/ __| __/ _ \| '__| | | | / /\ \| | | | __/ _ \\___ \| __| | | |/ _` | |/ _ \ 
  / ____ \ _| |_| |____| | | | |   <| | | (_| | (__| || (_) | |  | |_| |/ ____ \ |_| | || (_) |___) | |_| |_| | (_| | | (_) |
 /_/    \_\_____|______|_|_| |_|_|\_\_|  \__,_|\___|\__\___/|_|   \__, /_/    \_\__,_|\__\___/_____/ \__|\__,_|\__,_|_|\___/ 
                                                                   __/ |                                                     
                                                                  |___/                                                      

2020-04-27 17:47:52,487 [FormStudio] INFO  UiInfo AILinkFactoryAuto.View.FormStudio FormStudio_Shown 0 - AILinkFactoryAutoStudio Version 2.02
2020-04-27 17:47:52,493 [FormStudio] INFO  UiInfo AILinkFactoryAuto.View.FormStudio FormStudio_Shown 0 - Version 2.02
2020-04-27 17:47:52,504 [FormStudio] INFO  UiInfo AILinkFactoryAuto.View.FormLog FormLog_Shown 0 - FormLog................Success!
2020-04-27 17:47:52,511 [FormStudio] INFO  UiInfo AILinkFactoryAuto.View.FormMain FormMain_Shown 0 - DUT1
2020-04-27 17:47:52,518 [FormStudio] INFO  UiInfo AILinkFactoryAuto.View.FormMain FormMain_Shown 0 - 加载测试序列=[E:\2_工作和软件\1_工作存档\01长虹爱联\美的Hi3861项目\Code\SmartBraceletCheck\SmartBraceletCheckJts\bin\x86\Debug\projects\smartTest\DUT1_Hi3861Check.jts]
2020-04-27 17:47:52,920 [FormStudio] INFO  UiInfo AILinkFactoryAuto.View.FormMain LoadJts 0 - 加载测试序列成功
2020-04-27 17:47:52,928 [FormStudio] INFO  UiInfo AILinkFactoryAuto.View.FormMain FormMain_Shown 0 - FormMain................Success!
2020-04-27 17:48:25,862 [FormStudio] INFO  UiInfo AILinkFactoryAuto.View.FormStudio FormStudio_Shown 0 - 
           _____ _      _       _    ______         _                                 _        _____ _             _ _       
     /\   |_   _| |    (_)     | |  |  ____|       | |                     /\        | |      / ____| |           | (_)      
    /  \    | | | |     _ _ __ | | _| |__ __ _  ___| |_ ___  _ __ _   _   /  \  _   _| |_ ___| (___ | |_ _   _  __| |_  ___  
   / /\ \   | | | |    | | '_ \| |/ /  __/ _` |/ __| __/ _ \| '__| | | | / /\ \| | | | __/ _ \\___ \| __| | | |/ _` | |/ _ \ 
  / ____ \ _| |_| |____| | | | |   <| | | (_| | (__| || (_) | |  | |_| |/ ____ \ |_| | || (_) |___) | |_| |_| | (_| | | (_) |
 /_/    \_\_____|______|_|_| |_|_|\_\_|  \__,_|\___|\__\___/|_|   \__, /_/    \_\__,_|\__\___/_____/ \__|\__,_|\__,_|_|\___/ 
                                                                   __/ |                                                     
                                                                  |___/                                                      

2020-04-27 17:48:25,927 [FormStudio] INFO  UiInfo AILinkFactoryAuto.View.FormStudio FormStudio_Shown 0 - AILinkFactoryAutoStudio Version 2.02
2020-04-27 17:48:25,934 [FormStudio] INFO  UiInfo AILinkFactoryAuto.View.FormStudio FormStudio_Shown 0 - Version 2.02
2020-04-27 17:48:25,940 [FormStudio] INFO  UiInfo AILinkFactoryAuto.View.FormLog FormLog_Shown 0 - FormLog................Success!
2020-04-27 17:48:25,948 [FormStudio] INFO  UiInfo AILinkFactoryAuto.View.FormMain FormMain_Shown 0 - DUT1
2020-04-27 17:48:25,951 [FormStudio] INFO  UiInfo AILinkFactoryAuto.View.FormMain FormMain_Shown 0 - 加载测试序列=[E:\2_工作和软件\1_工作存档\01长虹爱联\美的Hi3861项目\Code\SmartBraceletCheck\SmartBraceletCheckJts\bin\x86\Debug\projects\smartTest\DUT1_Hi3861Check.jts]
2020-04-27 17:48:26,292 [FormStudio] INFO  UiInfo AILinkFactoryAuto.View.FormMain LoadJts 0 - 加载测试序列成功
2020-04-27 17:48:26,310 [FormStudio] INFO  UiInfo AILinkFactoryAuto.View.FormMain FormMain_Shown 0 - FormMain................Success!
2020-04-27 17:48:26,313 [FormStudio] INFO  UiInfo AILinkFactoryAuto.View.FormMain FormMain_Shown 0 - DUT2
2020-04-27 17:48:26,320 [FormStudio] INFO  UiInfo AILinkFactoryAuto.View.FormMain FormMain_Shown 0 - 加载测试序列=[E:\2_工作和软件\1_工作存档\01长虹爱联\美的Hi3861项目\Code\SmartBraceletCheck\SmartBraceletCheckJts\bin\x86\Debug\projects\smartTest\DUT2_Hi3861Check.jts]
2020-04-27 17:48:26,326 [FormStudio] INFO  UiInfo AILinkFactoryAuto.View.FormMain LoadJts 0 - 加载测试序列成功
2020-04-27 17:48:26,330 [FormStudio] INFO  UiInfo AILinkFactoryAuto.View.FormMain FormMain_Shown 0 - FormMain................Success!
2020-04-27 17:49:14,357 [FormStudio] INFO  UiInfo AILinkFactoryAuto.View.FormStudio TsmSaveLayout_Click 0 - save layout ./projects/layout.xml success
